#
# There is insufficient memory for the Java Runtime Environment to continue.
# Native memory allocation (malloc) failed to allocate 660976 bytes for Chunk::new
# Possible reasons:
#   The system is out of physical RAM or swap space
#   The process is running with CompressedOops enabled, and the Java Heap may be blocking the growth of the native heap
# Possible solutions:
#   Reduce memory load on the system
#   Increase physical memory or swap space
#   Check if swap backing store is full
#   Decrease Java heap size (-Xmx/-Xms)
#   Decrease number of Java threads
#   Decrease Java thread stack sizes (-Xss)
#   Set larger code cache with -XX:ReservedCodeCacheSize=
#   JVM is running with Unscaled Compressed Oops mode in which the Java heap is
#     placed in the first 4GB address space. The Java Heap base address is the
#     maximum limit for the native heap growth. Please use -XX:HeapBaseMinAddress
#     to set the Java Heap base and to place the Java Heap above 4GB virtual address.
# This output file may be truncated or incomplete.
#
#  Out of Memory Error (allocation.cpp:389), pid=11920, tid=0x000000000000231c
#
# JRE version: OpenJDK Runtime Environment (8.0_242-b01) (build 1.8.0_242-release-1644-b01)
# Java VM: OpenJDK 64-Bit Server VM (25.242-b01 mixed mode windows-amd64 compressed oops)
# Failed to write core dump. Minidumps are not enabled by default on client versions of Windows
#

---------------  T H R E A D  ---------------

Current thread (0x000000001a068000):  JavaThread "C2 CompilerThread2" daemon [_thread_in_native, id=8988, stack(0x000000001ab50000,0x000000001ac50000)]

Stack: [0x000000001ab50000,0x000000001ac50000]
[error occurred during error reporting (printing stack bounds), id 0xc0000005]

Native frames: (J=compiled Java code, j=interpreted, Vv=VM code, C=native code)


Current CompileTask:
C2:3768016 25201       4       com.android.tools.r8.graph.O0::a (2521 bytes)


---------------  P R O C E S S  ---------------

Java Threads: ( => current thread )
  0x000000002d3f8800 JavaThread "ForkJoinPool.commonPool-worker-1" daemon [_thread_blocked, id=14352, stack(0x0000000024b10000,0x0000000024c10000)]
  0x000000002d3fb800 JavaThread "ForkJoinPool.commonPool-worker-7" daemon [_thread_blocked, id=5980, stack(0x00000000228a0000,0x00000000229a0000)]
  0x000000002d3fa000 JavaThread "ForkJoinPool.commonPool-worker-6" daemon [_thread_blocked, id=6268, stack(0x0000000021540000,0x0000000021640000)]
  0x000000002d3ff000 JavaThread "ForkJoinPool.commonPool-worker-5" daemon [_thread_blocked, id=14776, stack(0x0000000021440000,0x0000000021540000)]
  0x000000002d3fd000 JavaThread "WorkerExecutor Queue Thread 14" [_thread_blocked, id=6992, stack(0x000000001e2a0000,0x000000001e3a0000)]
  0x0000000020457800 JavaThread "Cache worker for Java compile cache (F:\Java Tajriba\Buyumlar\.gradle\6.5\javaCompile)" [_thread_blocked, id=10936, stack(0x0000000030b30000,0x0000000030c30000)]
  0x000000001bfe7800 JavaThread "stdout" [_thread_in_native, id=3724, stack(0x0000000036da0000,0x0000000036ea0000)]
  0x000000001bfe7000 JavaThread "stderr" [_thread_in_native, id=6608, stack(0x0000000036ca0000,0x0000000036da0000)]
  0x000000001bfe4800 JavaThread "stdout" [_thread_in_native, id=5184, stack(0x0000000036ba0000,0x0000000036ca0000)]
  0x000000001bfe6000 JavaThread "stderr" [_thread_in_native, id=1320, stack(0x0000000036aa0000,0x0000000036ba0000)]
  0x000000001bfe5800 JavaThread "stdout" [_thread_in_native, id=4152, stack(0x00000000369a0000,0x0000000036aa0000)]
  0x000000001bfdc800 JavaThread "stderr" [_thread_in_native, id=11380, stack(0x00000000368a0000,0x00000000369a0000)]
  0x000000001bfe3000 JavaThread "stdout" [_thread_in_native, id=868, stack(0x00000000367a0000,0x00000000368a0000)]
  0x000000001bfdb800 JavaThread "stderr" [_thread_in_native, id=12456, stack(0x00000000366a0000,0x00000000367a0000)]
  0x000000001bfe2800 JavaThread "stdout" [_thread_in_native, id=12544, stack(0x00000000365a0000,0x00000000366a0000)]
  0x000000001bfde800 JavaThread "stderr" [_thread_in_native, id=13616, stack(0x00000000364a0000,0x00000000365a0000)]
  0x000000001bfdb000 JavaThread "stdout" [_thread_in_native, id=2756, stack(0x00000000363a0000,0x00000000364a0000)]
  0x000000001bfe1000 JavaThread "stderr" [_thread_in_native, id=2052, stack(0x00000000362a0000,0x00000000363a0000)]
  0x000000001bfdf800 JavaThread "stdout" [_thread_in_native, id=12328, stack(0x00000000361a0000,0x00000000362a0000)]
  0x000000001bfde000 JavaThread "stderr" [_thread_in_native, id=4832, stack(0x00000000360a0000,0x00000000361a0000)]
  0x000000001bfe0000 JavaThread "stdout" [_thread_in_native, id=13868, stack(0x0000000035fa0000,0x00000000360a0000)]
  0x000000001bfe1800 JavaThread "stderr" [_thread_in_native, id=3576, stack(0x0000000035da0000,0x0000000035ea0000)]
  0x000000001bfda000 JavaThread "pool-21-thread-1" [_thread_blocked, id=9008, stack(0x0000000035ea0000,0x0000000035fa0000)]
  0x000000001bfd9800 JavaThread "MarlinRenderer Disposer" daemon [_thread_blocked, id=12588, stack(0x0000000035ca0000,0x0000000035da0000)]
  0x000000001f914000 JavaThread "Java2D Disposer" daemon [_thread_blocked, id=14284, stack(0x00000000358c0000,0x00000000359c0000)]
  0x000000001cc85000 JavaThread "WorkerExecutor Queue Thread 8" [_thread_blocked, id=13484, stack(0x0000000031320000,0x0000000031420000)]
  0x000000002045a800 JavaThread "Cache worker for execution history cache (F:\Java Tajriba\Buyumlar\.gradle\6.5\executionHistory)" [_thread_blocked, id=5068, stack(0x0000000030930000,0x0000000030a30000)]
  0x0000000020644000 JavaThread "Execution worker for ':' Thread 7" [_thread_blocked, id=10452, stack(0x0000000030720000,0x0000000030820000)]
  0x0000000020643800 JavaThread "Execution worker for ':' Thread 6" [_thread_blocked, id=5220, stack(0x0000000030620000,0x0000000030720000)]
  0x0000000020642800 JavaThread "Execution worker for ':' Thread 5" [_thread_blocked, id=7156, stack(0x0000000030520000,0x0000000030620000)]
  0x0000000020645000 JavaThread "Execution worker for ':' Thread 4" [_thread_blocked, id=11056, stack(0x0000000030420000,0x0000000030520000)]
  0x000000002063b000 JavaThread "Execution worker for ':' Thread 3" [_thread_blocked, id=4344, stack(0x000000002f8f0000,0x000000002f9f0000)]
  0x0000000020642000 JavaThread "Execution worker for ':' Thread 2" [_thread_blocked, id=676, stack(0x000000002f7f0000,0x000000002f8f0000)]
  0x0000000020640800 JavaThread "Execution worker for ':'" [_thread_blocked, id=13716, stack(0x000000002f030000,0x000000002f130000)]
  0x0000000020639800 JavaThread "Cache worker for file content cache (F:\Java Tajriba\Buyumlar\.gradle\6.5\fileContent)" [_thread_blocked, id=4896, stack(0x000000002e120000,0x000000002e220000)]
  0x000000002063e000 JavaThread "pool-20-thread-1" [_thread_blocked, id=1356, stack(0x000000002c7b0000,0x000000002c8b0000)]
  0x000000002063f000 JavaThread "Cache worker for Build Output Cleanup Cache (F:\Java Tajriba\Buyumlar\.gradle\buildOutputCleanup)" [_thread_blocked, id=14932, stack(0x0000000026710000,0x0000000026810000)]
  0x0000000020636800 JavaThread "Build operations Thread 8" [_thread_blocked, id=10012, stack(0x0000000026610000,0x0000000026710000)]
  0x000000002063d800 JavaThread "Build operations Thread 7" [_thread_blocked, id=4360, stack(0x0000000026510000,0x0000000026610000)]
  0x000000002063c800 JavaThread "Build operations Thread 6" [_thread_blocked, id=10832, stack(0x0000000026410000,0x0000000026510000)]
  0x0000000020637800 JavaThread "Build operations Thread 5" [_thread_blocked, id=1752, stack(0x0000000026310000,0x0000000026410000)]
  0x0000000020636000 JavaThread "Build operations Thread 4" [_thread_blocked, id=13728, stack(0x0000000026210000,0x0000000026310000)]
  0x000000001a308000 JavaThread "Build operations Thread 3" [_thread_in_Java, id=14728, stack(0x0000000026110000,0x0000000026210000)]
  0x000000001a307800 JavaThread "Build operations Thread 2" [_thread_blocked, id=11492, stack(0x0000000026010000,0x0000000026110000)]
  0x000000001a306800 JavaThread "Build operations" [_thread_blocked, id=5112, stack(0x0000000025f10000,0x0000000026010000)]
  0x000000001a306000 JavaThread "Cache worker for cache directory md-rule (C:\Users\ACER\.gradle\caches\6.5\md-rule)" [_thread_blocked, id=14148, stack(0x0000000025c10000,0x0000000025d10000)]
  0x000000001a303000 JavaThread "Cache worker for cache directory md-supplier (C:\Users\ACER\.gradle\caches\6.5\md-supplier)" [_thread_blocked, id=7808, stack(0x0000000025b10000,0x0000000025c10000)]
  0x000000001a309800 JavaThread "Cache worker for checksums cache (F:\Java Tajriba\Buyumlar\.gradle\checksums)" [_thread_blocked, id=7496, stack(0x0000000025a10000,0x0000000025b10000)]
  0x000000001a304800 JavaThread "Cache worker for file hash cache (F:\Java Tajriba\Buyumlar\.gradle\6.5\fileHashes)" [_thread_blocked, id=420, stack(0x000000001e6a0000,0x000000001e7a0000)]
  0x000000001a309000 JavaThread "Thread-925" [_thread_blocked, id=10888, stack(0x000000001e3a0000,0x000000001e4a0000)]
  0x000000001a303800 JavaThread "Asynchronous log dispatcher for DefaultDaemonConnection: socket connection from /127.0.0.1:57634 to /127.0.0.1:52402" [_thread_blocked, id=5712, stack(0x000000001de50000,0x000000001df50000)]
  0x000000001a2fa800 JavaThread "Cancel handler" [_thread_blocked, id=4600, stack(0x0000000001600000,0x0000000001700000)]
  0x000000001a301800 JavaThread "Handler for socket connection from /127.0.0.1:57634 to /127.0.0.1:52402" [_thread_in_native, id=12960, stack(0x0000000001500000,0x0000000001600000)]
  0x000000002045b000 JavaThread "Daemon worker Thread 7" [_thread_blocked, id=6524, stack(0x000000001dd50000,0x000000001de50000)]
  0x000000002045c000 JavaThread "Daemon Thread 7" [_thread_blocked, id=7160, stack(0x0000000001400000,0x0000000001500000)]
  0x00000000201dd800 JavaThread "Cache worker for Java compile cache (C:\Users\ACER\.gradle\caches\6.5\javaCompile)" [_thread_blocked, id=14864, stack(0x000000002e220000,0x000000002e320000)]
  0x000000002063c000 JavaThread "Memory manager" [_thread_blocked, id=940, stack(0x000000002c210000,0x000000002c310000)]
  0x000000001cc80000 JavaThread "Cache worker for file content cache (C:\Users\ACER\.gradle\caches\6.5\fileContent)" [_thread_blocked, id=6792, stack(0x0000000024310000,0x0000000024410000)]
  0x000000001cc86000 JavaThread "Cache worker for execution history cache (C:\Users\ACER\.gradle\caches\6.5\executionHistory)" [_thread_blocked, id=10416, stack(0x00000000229a0000,0x0000000022aa0000)]
  0x000000001cc82000 JavaThread "Cache worker for file hash cache (C:\Users\ACER\.gradle\caches\6.5\fileHashes)" [_thread_in_native, id=764, stack(0x000000001efa0000,0x000000001f0a0000)]
  0x000000001cc86800 JavaThread "File lock request listener" [_thread_in_native, id=12480, stack(0x000000001eea0000,0x000000001efa0000)]
  0x000000001ccd2000 JavaThread "Cache worker for journal cache (C:\Users\ACER\.gradle\caches\journal-1)" [_thread_blocked, id=3208, stack(0x000000001eda0000,0x000000001eea0000)]
  0x000000001cc26000 JavaThread "Daemon periodic checks" [_thread_blocked, id=9280, stack(0x000000001e1a0000,0x000000001e2a0000)]
  0x000000001cbe1000 JavaThread "Incoming local TCP Connector on port 57634" [_thread_in_native, id=8920, stack(0x000000001df50000,0x000000001e050000)]
  0x000000001cb96000 JavaThread "Daemon health stats" [_thread_blocked, id=6480, stack(0x000000001d8f0000,0x000000001d9f0000)]
  0x000000001a0f7800 JavaThread "Service Thread" daemon [_thread_blocked, id=8216, stack(0x000000001ad50000,0x000000001ae50000)]
  0x000000001a06c000 JavaThread "C1 CompilerThread3" daemon [_thread_in_native, id=10944, stack(0x000000001ac50000,0x000000001ad50000)]
=>0x000000001a068000 JavaThread "C2 CompilerThread2" daemon [_thread_in_native, id=8988, stack(0x000000001ab50000,0x000000001ac50000)]
  0x000000001827b000 JavaThread "C2 CompilerThread1" daemon [_thread_in_native, id=5740, stack(0x000000001aa50000,0x000000001ab50000)]
  0x000000001a061000 JavaThread "C2 CompilerThread0" daemon [_thread_in_native, id=12224, stack(0x000000001a950000,0x000000001aa50000)]
  0x000000001a060000 JavaThread "Attach Listener" daemon [_thread_blocked, id=9340, stack(0x000000001a850000,0x000000001a950000)]
  0x000000001a05f000 JavaThread "Signal Dispatcher" daemon [_thread_blocked, id=10636, stack(0x000000001a750000,0x000000001a850000)]
  0x000000001a051800 JavaThread "Finalizer" daemon [_thread_blocked, id=3296, stack(0x000000001a530000,0x000000001a630000)]
  0x000000001a050800 JavaThread "Reference Handler" daemon [_thread_blocked, id=10492, stack(0x000000001a430000,0x000000001a530000)]
  0x0000000000ffd800 JavaThread "main" [_thread_blocked, id=6996, stack(0x0000000002fd0000,0x00000000030d0000)]

Other Threads:
  0x0000000018268000 VMThread [stack: 0x0000000019f30000,0x000000001a030000] [id=12088]
  0x000000001a0f8800 WatcherThread [stack: 0x000000001ae50000,0x000000001af50000] [id=9308]

VM state:not at safepoint (normal execution)

VM Mutex/Monitor currently owned by a thread: None

OutOfMemory and StackOverflow Exception counts:
OutOfMemoryError java_heap_errors=2

heap address: 0x0000000080000000, size: 2048 MB, Compressed Oops mode: 32-bit
Narrow klass base: 0x0000000000000000, Narrow klass shift: 3
Compressed class space size: 1073741824 Address: 0x0000000100000000

Heap:
 PSYoungGen      total 443904K, used 400120K [0x00000000d5580000, 0x00000000fd780000, 0x0000000100000000)
  eden space 342016K, 90% used [0x00000000d5580000,0x00000000e85312a0,0x00000000ea380000)
  from space 101888K, 87% used [0x00000000ea380000,0x00000000efa8cf78,0x00000000f0700000)
  to   space 114176K, 0% used [0x00000000f6800000,0x00000000f6800000,0x00000000fd780000)
 ParOldGen       total 369664K, used 188496K [0x0000000080000000, 0x0000000096900000, 0x00000000d5580000)
  object space 369664K, 50% used [0x0000000080000000,0x000000008b8142d8,0x0000000096900000)
 Metaspace       used 113656K, capacity 120094K, committed 122008K, reserved 1155072K
  class space    used 14635K, capacity 15797K, committed 16304K, reserved 1048576K

Card table byte_map: [0x0000000012590000,0x00000000129a0000] byte_map_base: 0x0000000012190000

Marking Bits: (ParMarkBitMap*) 0x000000007524f030
 Begin Bits: [0x0000000013450000, 0x0000000015450000)
 End Bits:   [0x0000000015450000, 0x0000000017450000)

Polling page: 0x00000000017f0000

CodeCache: size=245760Kb used=69134Kb max_used=69134Kb free=176625Kb
 bounds [0x00000000031d0000, 0x00000000075b0000, 0x00000000121d0000]
 total_blobs=20642 nmethods=19613 adapters=940
 compilation: enabled

Compilation events (10 events):
Event: 3767.787 Thread 0x000000001a06c000 nmethod 25373 0x0000000006fc58d0 code [0x0000000006fc5a40, 0x0000000006fc5be8]
Event: 3767.787 Thread 0x000000001a06c000 25334       2       com.android.tools.r8.s.b.Y0::a (12 bytes)
Event: 3767.787 Thread 0x000000001a06c000 nmethod 25334 0x0000000006fc5490 code [0x0000000006fc5600, 0x0000000006fc57b8]
Event: 3767.787 Thread 0x000000001a06c000 25336       2       com.android.tools.r8.references.Reference$$Lambda$931/1012821639::apply (8 bytes)
Event: 3767.788 Thread 0x000000001a06c000 nmethod 25336 0x0000000006fc4f50 code [0x0000000006fc50c0, 0x0000000006fc5318]
Event: 3767.788 Thread 0x000000001a06c000 25341       2       com.android.tools.r8.s.a.p.t$$Lambda$940/977787388::get$Lambda (9 bytes)
Event: 3767.789 Thread 0x000000001a06c000 nmethod 25341 0x0000000006fc4bd0 code [0x0000000006fc4d20, 0x0000000006fc4eb0]
Event: 3767.789 Thread 0x000000001a06c000 25342       2       com.android.tools.r8.references.Reference::a (34 bytes)
Event: 3767.790 Thread 0x000000001a06c000 nmethod 25342 0x0000000006fc4750 code [0x0000000006fc48c0, 0x0000000006fc4ab8]
Event: 3767.790 Thread 0x000000001a06c000 25330       2       com.android.tools.r8.graph.n1::a (31 bytes)

GC Heap History (10 events):
Event: 3745.159 GC heap before
{Heap before GC invocations=24 (full 4):
 PSYoungGen      total 452096K, used 451781K [0x00000000d5580000, 0x00000000f5a00000, 0x0000000100000000)
  eden space 414208K, 100% used [0x00000000d5580000,0x00000000eea00000,0x00000000eea00000)
  from space 37888K, 99% used [0x00000000f1d80000,0x00000000f42314e0,0x00000000f4280000)
  to   space 24064K, 0% used [0x00000000f4280000,0x00000000f4280000,0x00000000f5a00000)
 ParOldGen       total 218112K, used 99797K [0x0000000080000000, 0x000000008d500000, 0x00000000d5580000)
  object space 218112K, 45% used [0x0000000080000000,0x0000000086175520,0x000000008d500000)
 Metaspace       used 113048K, capacity 119750K, committed 120088K, reserved 1153024K
  class space    used 14738K, capacity 16055K, committed 16176K, reserved 1048576K
Event: 3745.245 GC heap after
Heap after GC invocations=24 (full 4):
 PSYoungGen      total 421888K, used 24059K [0x00000000d5580000, 0x00000000f5a00000, 0x0000000100000000)
  eden space 397824K, 0% used [0x00000000d5580000,0x00000000d5580000,0x00000000eda00000)
  from space 24064K, 99% used [0x00000000f4280000,0x00000000f59feeb0,0x00000000f5a00000)
  to   space 63488K, 0% used [0x00000000ede00000,0x00000000ede00000,0x00000000f1c00000)
 ParOldGen       total 218112K, used 127893K [0x0000000080000000, 0x000000008d500000, 0x00000000d5580000)
  object space 218112K, 58% used [0x0000000080000000,0x0000000087ce5778,0x000000008d500000)
 Metaspace       used 113048K, capacity 119750K, committed 120088K, reserved 1153024K
  class space    used 14738K, capacity 16055K, committed 16176K, reserved 1048576K
}
Event: 3752.421 GC heap before
{Heap before GC invocations=25 (full 4):
 PSYoungGen      total 421888K, used 421883K [0x00000000d5580000, 0x00000000f5a00000, 0x0000000100000000)
  eden space 397824K, 100% used [0x00000000d5580000,0x00000000eda00000,0x00000000eda00000)
  from space 24064K, 99% used [0x00000000f4280000,0x00000000f59feeb0,0x00000000f5a00000)
  to   space 63488K, 0% used [0x00000000ede00000,0x00000000ede00000,0x00000000f1c00000)
 ParOldGen       total 218112K, used 127893K [0x0000000080000000, 0x000000008d500000, 0x00000000d5580000)
  object space 218112K, 58% used [0x0000000080000000,0x0000000087ce5778,0x000000008d500000)
 Metaspace       used 114925K, capacity 121870K, committed 122008K, reserved 1155072K
  class space    used 14928K, capacity 16293K, committed 16304K, reserved 1048576K
Event: 3752.495 GC heap after
Heap after GC invocations=25 (full 4):
 PSYoungGen      total 414720K, used 32046K [0x00000000d5580000, 0x00000000f4300000, 0x0000000100000000)
  eden space 382464K, 0% used [0x00000000d5580000,0x00000000d5580000,0x00000000ecb00000)
  from space 32256K, 99% used [0x00000000ede00000,0x00000000efd4b960,0x00000000efd80000)
  to   space 61440K, 0% used [0x00000000f0700000,0x00000000f0700000,0x00000000f4300000)
 ParOldGen       total 218112K, used 128641K [0x0000000080000000, 0x000000008d500000, 0x00000000d5580000)
  object space 218112K, 58% used [0x0000000080000000,0x0000000087da07a8,0x000000008d500000)
 Metaspace       used 114925K, capacity 121870K, committed 122008K, reserved 1155072K
  class space    used 14928K, capacity 16293K, committed 16304K, reserved 1048576K
}
Event: 3754.358 GC heap before
{Heap before GC invocations=26 (full 4):
 PSYoungGen      total 414720K, used 414510K [0x00000000d5580000, 0x00000000f4300000, 0x0000000100000000)
  eden space 382464K, 100% used [0x00000000d5580000,0x00000000ecb00000,0x00000000ecb00000)
  from space 32256K, 99% used [0x00000000ede00000,0x00000000efd4b960,0x00000000efd80000)
  to   space 61440K, 0% used [0x00000000f0700000,0x00000000f0700000,0x00000000f4300000)
 ParOldGen       total 218112K, used 128641K [0x0000000080000000, 0x000000008d500000, 0x00000000d5580000)
  object space 218112K, 58% used [0x0000000080000000,0x0000000087da07a8,0x000000008d500000)
 Metaspace       used 114969K, capacity 121948K, committed 122008K, reserved 1155072K
  class space    used 14928K, capacity 16294K, committed 16304K, reserved 1048576K
Event: 3754.435 GC heap after
Heap after GC invocations=26 (full 4):
 PSYoungGen      total 403456K, used 61425K [0x00000000d5580000, 0x00000000fd180000, 0x0000000100000000)
  eden space 342016K, 0% used [0x00000000d5580000,0x00000000d5580000,0x00000000ea380000)
  from space 61440K, 99% used [0x00000000f0700000,0x00000000f42fc4a8,0x00000000f4300000)
  to   space 101888K, 0% used [0x00000000ea380000,0x00000000ea380000,0x00000000f0700000)
 ParOldGen       total 218112K, used 214708K [0x0000000080000000, 0x000000008d500000, 0x00000000d5580000)
  object space 218112K, 98% used [0x0000000080000000,0x000000008d1ad078,0x000000008d500000)
 Metaspace       used 114969K, capacity 121948K, committed 122008K, reserved 1155072K
  class space    used 14928K, capacity 16294K, committed 16304K, reserved 1048576K
}
Event: 3754.435 GC heap before
{Heap before GC invocations=27 (full 5):
 PSYoungGen      total 403456K, used 61425K [0x00000000d5580000, 0x00000000fd180000, 0x0000000100000000)
  eden space 342016K, 0% used [0x00000000d5580000,0x00000000d5580000,0x00000000ea380000)
  from space 61440K, 99% used [0x00000000f0700000,0x00000000f42fc4a8,0x00000000f4300000)
  to   space 101888K, 0% used [0x00000000ea380000,0x00000000ea380000,0x00000000f0700000)
 ParOldGen       total 218112K, used 214708K [0x0000000080000000, 0x000000008d500000, 0x00000000d5580000)
  object space 218112K, 98% used [0x0000000080000000,0x000000008d1ad078,0x000000008d500000)
 Metaspace       used 114969K, capacity 121948K, committed 122008K, reserved 1155072K
  class space    used 14928K, capacity 16294K, committed 16304K, reserved 1048576K
Event: 3754.896 GC heap after
Heap after GC invocations=27 (full 5):
 PSYoungGen      total 403456K, used 0K [0x00000000d5580000, 0x00000000fd180000, 0x0000000100000000)
  eden space 342016K, 0% used [0x00000000d5580000,0x00000000d5580000,0x00000000ea380000)
  from space 61440K, 0% used [0x00000000f0700000,0x00000000f0700000,0x00000000f4300000)
  to   space 101888K, 0% used [0x00000000ea380000,0x00000000ea380000,0x00000000f0700000)
 ParOldGen       total 369664K, used 188488K [0x0000000080000000, 0x0000000096900000, 0x00000000d5580000)
  object space 369664K, 50% used [0x0000000080000000,0x000000008b8122d8,0x0000000096900000)
 Metaspace       used 111295K, capacity 117166K, committed 122008K, reserved 1155072K
  class space    used 14383K, capacity 15453K, committed 16304K, reserved 1048576K
}
Event: 3756.852 GC heap before
{Heap before GC invocations=28 (full 5):
 PSYoungGen      total 403456K, used 342016K [0x00000000d5580000, 0x00000000fd180000, 0x0000000100000000)
  eden space 342016K, 100% used [0x00000000d5580000,0x00000000ea380000,0x00000000ea380000)
  from space 61440K, 0% used [0x00000000f0700000,0x00000000f0700000,0x00000000f4300000)
  to   space 101888K, 0% used [0x00000000ea380000,0x00000000ea380000,0x00000000f0700000)
 ParOldGen       total 369664K, used 188488K [0x0000000080000000, 0x0000000096900000, 0x00000000d5580000)
  object space 369664K, 50% used [0x0000000080000000,0x000000008b8122d8,0x0000000096900000)
 Metaspace       used 111330K, capacity 117176K, committed 122008K, reserved 1155072K
  class space    used 14385K, capacity 15454K, committed 16304K, reserved 1048576K
Event: 3756.993 GC heap after
Heap after GC invocations=28 (full 5):
 PSYoungGen      total 443904K, used 89139K [0x00000000d5580000, 0x00000000fd780000, 0x0000000100000000)
  eden space 342016K, 0% used [0x00000000d5580000,0x00000000d5580000,0x00000000ea380000)
  from space 101888K, 87% used [0x00000000ea380000,0x00000000efa8cf78,0x00000000f0700000)
  to   space 114176K, 0% used [0x00000000f6800000,0x00000000f6800000,0x00000000fd780000)
 ParOldGen       total 369664K, used 188496K [0x0000000080000000, 0x0000000096900000, 0x00000000d5580000)
  object space 369664K, 50% used [0x0000000080000000,0x000000008b8142d8,0x0000000096900000)
 Metaspace       used 111330K, capacity 117176K, committed 122008K, reserved 1155072K
  class space    used 14385K, capacity 15454K, committed 16304K, reserved 1048576K
}

Deoptimization events (10 events):
Event: 3767.593 Thread 0x000000001a308000 Uncommon trap: reason=class_check action=maybe_recompile pc=0x00000000073334b4 method=com.android.tools.r8.z.a.a.f.a(Lcom/android/tools/r8/z/a/a/h;[Lcom/android/tools/r8/z/a/a/d;I)V @ 3292
Event: 3767.599 Thread 0x000000001a306800 Uncommon trap: reason=class_check action=maybe_recompile pc=0x00000000074cef48 method=com.android.tools.r8.s.a.h.e.b(Lcom/android/tools/r8/s/b/k0;)V @ 133
Event: 3767.599 Thread 0x000000001a306800 Uncommon trap: reason=class_check action=maybe_recompile pc=0x00000000074cef48 method=com.android.tools.r8.s.a.h.e.b(Lcom/android/tools/r8/s/b/k0;)V @ 133
Event: 3767.665 Thread 0x000000001a306800 Uncommon trap: reason=bimorphic action=maybe_recompile pc=0x0000000007102c80 method=com.android.tools.r8.graph.U.collectIndexedItems(Lcom/android/tools/r8/dex/v;Lcom/android/tools/r8/graph/d0;I)V @ 38
Event: 3767.665 Thread 0x000000001a306800 Uncommon trap: reason=bimorphic action=maybe_recompile pc=0x0000000007102c80 method=com.android.tools.r8.graph.U.collectIndexedItems(Lcom/android/tools/r8/dex/v;Lcom/android/tools/r8/graph/d0;I)V @ 38
Event: 3767.665 Thread 0x000000001a306800 Uncommon trap: reason=bimorphic action=maybe_recompile pc=0x0000000007102c80 method=com.android.tools.r8.graph.U.collectIndexedItems(Lcom/android/tools/r8/dex/v;Lcom/android/tools/r8/graph/d0;I)V @ 38
Event: 3767.665 Thread 0x000000001a306800 Uncommon trap: reason=bimorphic action=maybe_recompile pc=0x0000000007102c80 method=com.android.tools.r8.graph.U.collectIndexedItems(Lcom/android/tools/r8/dex/v;Lcom/android/tools/r8/graph/d0;I)V @ 38
Event: 3767.669 Thread 0x000000001a306800 Uncommon trap: reason=unstable_if action=reinterpret pc=0x000000000452b8bc method=com.android.tools.r8.graph.i0.b(Lcom/android/tools/r8/graph/i0;)I @ 60
Event: 3767.669 Thread 0x000000001a306800 Uncommon trap: reason=unstable_if action=reinterpret pc=0x000000000513ff94 method=com.android.tools.r8.graph.i0.b(Lcom/android/tools/r8/graph/i0;)I @ 60
Event: 3767.696 Thread 0x000000001a308000 Uncommon trap: reason=class_check action=maybe_recompile pc=0x0000000006445c94 method=com.android.tools.r8.q.a.a.b.X.e()Lcom/android/tools/r8/q/a/a/b/N2; @ 2

Classes redefined (0 events):
No events

Internal exceptions (10 events):
Event: 3751.972 Thread 0x000000002063b000 Exception <a 'sun/nio/fs/WindowsException'> (0x00000000ecc214b8) thrown at [C:\src\AOSP-openjdk-git\hotspot\src\share\vm\prims\jni.cpp, line 710]
Event: 3751.972 Thread 0x000000002063b000 Exception <a 'sun/nio/fs/WindowsException'> (0x00000000ecc22520) thrown at [C:\src\AOSP-openjdk-git\hotspot\src\share\vm\prims\jni.cpp, line 710]
Event: 3751.977 Thread 0x000000002063b000 Exception <a 'java/lang/NoSuchMethodError': <clinit>> (0x00000000ecd36290) thrown at [C:\src\AOSP-openjdk-git\hotspot\src\share\vm\prims\jni.cpp, line 1615]
Event: 3766.766 Thread 0x000000002063b000 Implicit null exception at 0x0000000005eedddd to 0x0000000005eee151
Event: 3766.767 Thread 0x000000002063b000 Implicit null exception at 0x0000000003e51925 to 0x0000000003e51c79
Event: 3766.947 Thread 0x000000002063b000 Implicit null exception at 0x000000000414d15f to 0x000000000414e585
Event: 3767.018 Thread 0x000000001a306800 Implicit null exception at 0x000000000412405f to 0x000000000412547d
Event: 3767.173 Thread 0x000000001a306800 Exception <a 'sun/nio/fs/WindowsException'> (0x00000000de051308) thrown at [C:\src\AOSP-openjdk-git\hotspot\src\share\vm\prims\jni.cpp, line 710]
Event: 3767.263 Thread 0x000000001a308000 Exception <a 'sun/nio/fs/WindowsException'> (0x00000000dff59668) thrown at [C:\src\AOSP-openjdk-git\hotspot\src\share\vm\prims\jni.cpp, line 710]
Event: 3767.683 Thread 0x000000001a306800 Exception <a 'sun/nio/fs/WindowsException'> (0x00000000e4b5fc10) thrown at [C:\src\AOSP-openjdk-git\hotspot\src\share\vm\prims\jni.cpp, line 710]

Events (10 events):
Event: 3767.686 loading class com/google/wireless/android/sdk/stats/GradleTransformExecution$1 done
Event: 3767.696 Thread 0x000000001a308000 Uncommon trap: trap_request=0xffffffde fr.pc=0x0000000006445c94
Event: 3767.696 Thread 0x000000001a308000 DEOPT PACKING pc=0x0000000006445c94 sp=0x000000002620d060
Event: 3767.696 Thread 0x000000001a308000 DEOPT UNPACKING pc=0x000000000321557b sp=0x000000002620d000 mode 2
Event: 3767.703 loading class com/google/wireless/android/sdk/stats/GradleTransformExecution$Builder
Event: 3767.703 loading class com/google/wireless/android/sdk/stats/GradleTransformExecution$Builder done
Event: 3767.708 loading class org/gradle/api/internal/artifacts/transform/DefaultTransformerInvocationFactory$TransformerExecution
Event: 3767.708 loading class org/gradle/api/internal/artifacts/transform/DefaultTransformerInvocationFactory$TransformerExecution done
Event: 3767.756 Thread 0x0000000020636000 DEOPT PACKING pc=0x0000000006f42a07 sp=0x000000002630d000
Event: 3767.756 Thread 0x0000000020636000 DEOPT UNPACKING pc=0x00000000032175d0 sp=0x000000002630cdc8 mode 0


Dynamic libraries:
0x00007ff7ea330000 - 0x00007ff7ea361000 	D:\Android studio bazasi\Android Studio\jre\bin\java.exe
0x00007fffe14d0000 - 0x00007fffe16c5000 	C:\WINDOWS\SYSTEM32\ntdll.dll
0x00007fffe0850000 - 0x00007fffe090d000 	C:\WINDOWS\System32\KERNEL32.DLL
0x00007fffdece0000 - 0x00007fffdefa9000 	C:\WINDOWS\System32\KERNELBASE.dll
0x00007fffe1000000 - 0x00007fffe10ac000 	C:\WINDOWS\System32\ADVAPI32.dll
0x00007fffe0ef0000 - 0x00007fffe0f8e000 	C:\WINDOWS\System32\msvcrt.dll
0x00007fffe11e0000 - 0x00007fffe127b000 	C:\WINDOWS\System32\sechost.dll
0x00007fffe1360000 - 0x00007fffe148a000 	C:\WINDOWS\System32\RPCRT4.dll
0x00007fffe0120000 - 0x00007fffe02c0000 	C:\WINDOWS\System32\USER32.dll
0x00007fffdefb0000 - 0x00007fffdefd2000 	C:\WINDOWS\System32\win32u.dll
0x00007fffdf530000 - 0x00007fffdf55a000 	C:\WINDOWS\System32\GDI32.dll
0x00007fffdefe0000 - 0x00007fffdf0eb000 	C:\WINDOWS\System32\gdi32full.dll
0x00007fffdf0f0000 - 0x00007fffdf18d000 	C:\WINDOWS\System32\msvcp_win.dll
0x00007fffdf320000 - 0x00007fffdf420000 	C:\WINDOWS\System32\ucrtbase.dll
0x00007fffd4fb0000 - 0x00007fffd524a000 	C:\WINDOWS\WinSxS\amd64_microsoft.windows.common-controls_6595b64144ccf1df_6.0.19041.1110_none_60b5254171f9507e\COMCTL32.dll
0x00007fffdf5c0000 - 0x00007fffdf5f0000 	C:\WINDOWS\System32\IMM32.DLL
0x00000000748f0000 - 0x00000000749c2000 	D:\Android studio bazasi\Android Studio\jre\jre\bin\msvcr100.dll
0x0000000074a80000 - 0x00000000752cb000 	D:\Android studio bazasi\Android Studio\jre\jre\bin\server\jvm.dll
0x00007fffe10b0000 - 0x00007fffe10b8000 	C:\WINDOWS\System32\PSAPI.DLL
0x00007fffd59d0000 - 0x00007fffd59f7000 	C:\WINDOWS\SYSTEM32\WINMM.dll
0x00007fffd5c70000 - 0x00007fffd5c79000 	C:\WINDOWS\SYSTEM32\WSOCK32.dll
0x00007fffd9e40000 - 0x00007fffd9e4a000 	C:\WINDOWS\SYSTEM32\VERSION.dll
0x00007fffe0f90000 - 0x00007fffe0ffb000 	C:\WINDOWS\System32\WS2_32.dll
0x00007fffd49b0000 - 0x00007fffd49bf000 	D:\Android studio bazasi\Android Studio\jre\jre\bin\verify.dll
0x00007fffd10d0000 - 0x00007fffd10f9000 	D:\Android studio bazasi\Android Studio\jre\jre\bin\java.dll
0x00007fffd3d80000 - 0x00007fffd3d96000 	D:\Android studio bazasi\Android Studio\jre\jre\bin\zip.dll
0x00007fffdf960000 - 0x00007fffe009f000 	C:\WINDOWS\System32\SHELL32.dll
0x00007fffdcd10000 - 0x00007fffdd4a0000 	C:\WINDOWS\SYSTEM32\windows.storage.dll
0x00007fffe0b90000 - 0x00007fffe0ee5000 	C:\WINDOWS\System32\combase.dll
0x00007fffde590000 - 0x00007fffde5bc000 	C:\WINDOWS\SYSTEM32\Wldp.dll
0x00007fffdf7a0000 - 0x00007fffdf84e000 	C:\WINDOWS\System32\SHCORE.dll
0x00007fffe07f0000 - 0x00007fffe0845000 	C:\WINDOWS\System32\shlwapi.dll
0x00007fffdeb40000 - 0x00007fffdeb5f000 	C:\WINDOWS\SYSTEM32\profapi.dll
0x00007fffd2db0000 - 0x00007fffd2dca000 	D:\Android studio bazasi\Android Studio\jre\jre\bin\net.dll
0x00007fffde2f0000 - 0x00007fffde35a000 	C:\WINDOWS\system32\mswsock.dll
0x00007fffd2520000 - 0x00007fffd2533000 	D:\Android studio bazasi\Android Studio\jre\jre\bin\nio.dll
0x00007fffb0980000 - 0x00007fffb09a7000 	C:\Users\ACER\.gradle\native\f6784746aeab05261644944871eae4fe03e0ef1612fff0a4a95f87b438bc6780\windows-amd64\native-platform.dll
0x00007fffd2d80000 - 0x00007fffd2d8d000 	D:\Android studio bazasi\Android Studio\jre\jre\bin\management.dll
0x00007fffde4f0000 - 0x00007fffde508000 	C:\WINDOWS\SYSTEM32\CRYPTSP.dll
0x00007fffddc70000 - 0x00007fffddca4000 	C:\WINDOWS\system32\rsaenh.dll
0x00007fffdf2f0000 - 0x00007fffdf317000 	C:\WINDOWS\System32\bcrypt.dll
0x00007fffdeac0000 - 0x00007fffdeaee000 	C:\WINDOWS\SYSTEM32\USERENV.dll
0x00007fffdec00000 - 0x00007fffdec83000 	C:\WINDOWS\System32\bcryptprimitives.dll
0x00007fffde4e0000 - 0x00007fffde4ec000 	C:\WINDOWS\SYSTEM32\CRYPTBASE.dll
0x00007fffddfe0000 - 0x00007fffde01b000 	C:\WINDOWS\SYSTEM32\IPHLPAPI.DLL
0x00007fffdf950000 - 0x00007fffdf958000 	C:\WINDOWS\System32\NSI.dll
0x00007fffd6350000 - 0x00007fffd6367000 	C:\WINDOWS\SYSTEM32\dhcpcsvc6.DLL
0x00007fffd7570000 - 0x00007fffd758d000 	C:\WINDOWS\SYSTEM32\dhcpcsvc.DLL
0x00007fffde020000 - 0x00007fffde0ec000 	C:\WINDOWS\SYSTEM32\DNSAPI.dll
0x00007fffd76b0000 - 0x00007fffd76bb000 	C:\WINDOWS\SYSTEM32\WINNSI.DLL
0x00007fff986b0000 - 0x00007fff9884c000 	D:\Android studio bazasi\Android Studio\jre\jre\bin\awt.dll
0x00007fffdf850000 - 0x00007fffdf91d000 	C:\WINDOWS\System32\OLEAUT32.dll
0x00007fffdc900000 - 0x00007fffdc92f000 	C:\WINDOWS\SYSTEM32\dwmapi.dll
0x00007fffdb550000 - 0x00007fffdbb10000 	C:\WINDOWS\SYSTEM32\d2d1.dll
0x00007fffdc580000 - 0x00007fffdc610000 	C:\WINDOWS\SYSTEM32\apphelp.dll
0x00007fffdc650000 - 0x00007fffdc6ee000 	C:\WINDOWS\system32\uxtheme.dll

VM Arguments:
jvm_args: -Xmx2048m -Dfile.encoding=UTF-8 -Duser.country=RU -Duser.language=ru -Duser.variant 
java_command: org.gradle.launcher.daemon.bootstrap.GradleDaemon 6.5
java_class_path (initial): C:\Users\ACER\.gradle\wrapper\dists\gradle-6.5-bin\6nifqtx7604sqp1q6g8wikw7p\gradle-6.5\lib\gradle-launcher-6.5.jar
Launcher Type: SUN_STANDARD

Environment Variables:
PATH=C:\Program Files (x86)\Common Files\Oracle\Java\javapath;C:\Windows\system32;C:\Windows;C:\Windows\System32\Wbem;C:\Windows\System32\WindowsPowerShell\v1.0\;C:\Windows\System32\OpenSSH\;C:\Program Files (x86)\NVIDIA Corporation\PhysX\Common;C:\WINDOWS\system32;C:\WINDOWS;C:\WINDOWS\System32\Wbem;C:\WINDOWS\System32\OpenSSH\;C:\WINDOWS\System32\WindowsPowerShell\v1.0\;C:\Program Files\Java\jdk1.8.0_261\bin\;C:\Users\ACER\AppData\Local\Microsoft\WindowsApps;;C:\Users\ACER\AppData\Local\Programs\Microsoft VS Code\bin
USERNAME=ACER
OS=Windows_NT
PROCESSOR_IDENTIFIER=Intel64 Family 6 Model 142 Stepping 12, GenuineIntel



---------------  S Y S T E M  ---------------

OS: Windows 10.0 , 64 bit Build 19041 (10.0.19041.1151)

CPU:total 8 (initial active 8) (4 cores per cpu, 2 threads per core) family 6 model 142 stepping 12, cmov, cx8, fxsr, mmx, sse, sse2, sse3, ssse3, sse4.1, sse4.2, popcnt, avx, avx2, aes, clmul, erms, 3dnowpref, lzcnt, ht, tsc, tscinvbit, bmi1, bmi2, adx

Memory: 4k page, physical 8098740k(502752k free), swap 12223412k(148k free)

vm_info: OpenJDK 64-Bit Server VM (25.242-b01) for windows-amd64 JRE (1.8.0_242-release-1644-b01), built by "builder" with MS VC++ 10.0 (VS2010)

time: Tue Sep 21 22:18:11 2021
timezone: Западная Азия (зима)
elapsed time: 3768 seconds (0d 1h 2m 48s)

